[ 2018-12-07T17:21:45+08:00 ] 222.182.196.8 /Admin/Index/info/id/134.html
INFO: [ app_init ] --START--
INFO: Run Behavior\BuildLiteBehavior [ RunTime:0.000000s ]
INFO: [ app_init ] --END-- [ RunTime:0.000000s ]
INFO: [ app_begin ] --START--
INFO: Run Behavior\ReadHtmlCacheBehavior [ RunTime:0.000977s ]
INFO: [ app_begin ] --END-- [ RunTime:0.000977s ]
SQL: SHOW COLUMNS FROM `sys_users` [ RunTime:0.0020s ]
SQL: SELECT `id`,`status` FROM `sys_users` WHERE `id` = 12 LIMIT 1   [ RunTime:0.0000s ]
SQL: SHOW COLUMNS FROM `sys_role_rules` [ RunTime:0.0010s ]
SQL: SELECT `rules_id` FROM `sys_role_rules` WHERE `role_id` = 7  [ RunTime:0.0010s ]
SQL: SHOW COLUMNS FROM `sys_rules` [ RunTime:0.0010s ]
SQL: SELECT `mark` FROM `sys_rules` WHERE `id` IN ('7','5','3','2')  [ RunTime:0.0000s ]
SQL: SHOW COLUMNS FROM `sys_customer` [ RunTime:0.0010s ]
SQL: SHOW COLUMNS FROM `sys_customer` [ RunTime:0.0020s ]
SQL: SELECT `id`,`name`,`mobile`,`type`,`follow_status`,`next_follow_time`,`users_id`,`person_id`,`remark`,`create_time` FROM `sys_customer` WHERE `id` = 134 LIMIT 1   [ RunTime:0.0000s ]
SQL: SHOW COLUMNS FROM `sys_customer_fields` [ RunTime:0.0020s ]
SQL: SELECT `fields_id`,`content` FROM `sys_customer_fields` WHERE `customer_id` = 134 ORDER BY id desc  [ RunTime:0.0000s ]
SQL: SHOW COLUMNS FROM `sys_fields` [ RunTime:0.0020s ]
SQL: SELECT `id`,`title`,`type` FROM `sys_fields` WHERE `status` = 1 AND `is_open` = 1 ORDER BY sort asc,id desc  [ RunTime:0.0000s ]
NOTIC: [8] Undefined offset: 8 C:\www\heart2worldcrm\Application\Admin\Model\CustomerModel.class.php 第 408 行.
NOTIC: [8] Undefined offset: 4 C:\www\heart2worldcrm\Application\Admin\Model\CustomerModel.class.php 第 408 行.
NOTIC: [8] Undefined offset: 26 C:\www\heart2worldcrm\Application\Admin\Model\CustomerModel.class.php 第 408 行.
NOTIC: [8] Undefined offset: 25 C:\www\heart2worldcrm\Application\Admin\Model\CustomerModel.class.php 第 408 行.
NOTIC: [8] Undefined offset: 14 C:\www\heart2worldcrm\Application\Admin\Model\CustomerModel.class.php 第 408 行.
NOTIC: [8] Undefined offset: 13 C:\www\heart2worldcrm\Application\Admin\Model\CustomerModel.class.php 第 408 行.
SQL: SELECT `id`,`name` FROM `sys_users`  [ RunTime:0.0000s ]
SQL: SHOW COLUMNS FROM `sys_customer_file` [ RunTime:0.0010s ]
SQL: SELECT `sha1` FROM `sys_customer_file` WHERE `customer_id` = 134  [ RunTime:0.0000s ]
SQL: SHOW COLUMNS FROM `sys_customer_logs` [ RunTime:0.0020s ]
SQL: SELECT `id`,`type`,`content`,`create_time` FROM `sys_customer_logs` WHERE `customer_id` = 134 ORDER BY create_time desc,id desc  [ RunTime:0.0010s ]
INFO: [ view_parse ] --START--
INFO: [ template_filter ] --START--
INFO: Run Behavior\ContentReplaceBehavior [ RunTime:0.000976s ]
INFO: [ template_filter ] --END-- [ RunTime:0.000976s ]
NOTIC: [8] Undefined variable: vo C:\www\heart2worldcrm\Application\Runtime\Cache\Admin\b396789e55b9c1c0001fb86b29923477.php 第 79 行.
NOTIC: [8] Undefined index: is_show C:\www\heart2worldcrm\Application\Runtime\Cache\Admin\b396789e55b9c1c0001fb86b29923477.php 第 129 行.
NOTIC: [8] Undefined index: is_show C:\www\heart2worldcrm\Application\Runtime\Cache\Admin\b396789e55b9c1c0001fb86b29923477.php 第 129 行.
NOTIC: [8] Undefined index: is_show C:\www\heart2worldcrm\Application\Runtime\Cache\Admin\b396789e55b9c1c0001fb86b29923477.php 第 129 行.
NOTIC: [8] Undefined index: is_show C:\www\heart2worldcrm\Application\Runtime\Cache\Admin\b396789e55b9c1c0001fb86b29923477.php 第 129 行.
NOTIC: [8] Undefined index: is_show C:\www\heart2worldcrm\Application\Runtime\Cache\Admin\b396789e55b9c1c0001fb86b29923477.php 第 129 行.
NOTIC: [8] Undefined index: other_type C:\www\heart2worldcrm\Application\Runtime\Cache\Admin\b396789e55b9c1c0001fb86b29923477.php 第 172 行.
NOTIC: [8] Undefined index: other_type C:\www\heart2worldcrm\Application\Runtime\Cache\Admin\b396789e55b9c1c0001fb86b29923477.php 第 172 行.
NOTIC: [8] Undefined index: other_type C:\www\heart2worldcrm\Application\Runtime\Cache\Admin\b396789e55b9c1c0001fb86b29923477.php 第 172 行.
NOTIC: [8] Undefined index: other_type C:\www\heart2worldcrm\Application\Runtime\Cache\Admin\b396789e55b9c1c0001fb86b29923477.php 第 172 行.
NOTIC: [8] Undefined index: other_type C:\www\heart2worldcrm\Application\Runtime\Cache\Admin\b396789e55b9c1c0001fb86b29923477.php 第 172 行.
NOTIC: [8] Undefined index: other_type C:\www\heart2worldcrm\Application\Runtime\Cache\Admin\b396789e55b9c1c0001fb86b29923477.php 第 172 行.
NOTIC: [8] Undefined index: other_type C:\www\heart2worldcrm\Application\Runtime\Cache\Admin\b396789e55b9c1c0001fb86b29923477.php 第 172 行.
NOTIC: [8] Undefined index: other_type C:\www\heart2worldcrm\Application\Runtime\Cache\Admin\b396789e55b9c1c0001fb86b29923477.php 第 172 行.
NOTIC: [8] Undefined index: other_type C:\www\heart2worldcrm\Application\Runtime\Cache\Admin\b396789e55b9c1c0001fb86b29923477.php 第 172 行.
NOTIC: [8] Undefined index: other_type C:\www\heart2worldcrm\Application\Runtime\Cache\Admin\b396789e55b9c1c0001fb86b29923477.php 第 172 行.
NOTIC: [8] Undefined index: other_type C:\www\heart2worldcrm\Application\Runtime\Cache\Admin\b396789e55b9c1c0001fb86b29923477.php 第 172 行.
INFO: Run Behavior\ParseTemplateBehavior [ RunTime:0.016602s ]
INFO: [ view_parse ] --END-- [ RunTime:0.016602s ]
INFO: [ view_filter ] --START--
INFO: Run Behavior\WriteHtmlCacheBehavior [ RunTime:0.000976s ]
INFO: [ view_filter ] --END-- [ RunTime:0.000976s ]
INFO: [ app_end ] --START--
INFO: Run Behavior\ShowPageTraceBehavior [ RunTime:0.000000s ]
INFO: [ app_end ] --END-- [ RunTime:0.000000s ]

[ 2018-12-07T17:21:46+08:00 ] 222.182.196.8 /Admin/Index/info/id/134.html
INFO: [ app_init ] --START--
INFO: Run Behavior\BuildLiteBehavior [ RunTime:0.000000s ]
INFO: [ app_init ] --END-- [ RunTime:0.000976s ]
INFO: [ app_begin ] --START--
INFO: Run Behavior\ReadHtmlCacheBehavior [ RunTime:0.000000s ]
INFO: [ app_begin ] --END-- [ RunTime:0.000000s ]
SQL: SHOW COLUMNS FROM `sys_users` [ RunTime:0.0020s ]
SQL: SELECT `id`,`status` FROM `sys_users` WHERE `id` = 12 LIMIT 1   [ RunTime:0.0010s ]
SQL: SHOW COLUMNS FROM `sys_role_rules` [ RunTime:0.0010s ]
SQL: SELECT `rules_id` FROM `sys_role_rules` WHERE `role_id` = 7  [ RunTime:0.0010s ]
SQL: SHOW COLUMNS FROM `sys_rules` [ RunTime:0.0010s ]
SQL: SELECT `mark` FROM `sys_rules` WHERE `id` IN ('7','5','3','2')  [ RunTime:0.0010s ]
SQL: SHOW COLUMNS FROM `sys_customer` [ RunTime:0.0020s ]
SQL: SHOW COLUMNS FROM `sys_customer` [ RunTime:0.0010s ]
SQL: SELECT `id`,`name`,`mobile`,`type`,`follow_status`,`next_follow_time`,`users_id`,`person_id`,`remark`,`create_time` FROM `sys_customer` WHERE `id` = 134 LIMIT 1   [ RunTime:0.0010s ]
SQL: SHOW COLUMNS FROM `sys_customer_fields` [ RunTime:0.0010s ]
SQL: SELECT `fields_id`,`content` FROM `sys_customer_fields` WHERE `customer_id` = 134 ORDER BY id desc  [ RunTime:0.0000s ]
SQL: SHOW COLUMNS FROM `sys_fields` [ RunTime:0.0010s ]
SQL: SELECT `id`,`title`,`type` FROM `sys_fields` WHERE `status` = 1 AND `is_open` = 1 ORDER BY sort asc,id desc  [ RunTime:0.0010s ]
NOTIC: [8] Undefined offset: 8 C:\www\heart2worldcrm\Application\Admin\Model\CustomerModel.class.php 第 408 行.
NOTIC: [8] Undefined offset: 4 C:\www\heart2worldcrm\Application\Admin\Model\CustomerModel.class.php 第 408 行.
NOTIC: [8] Undefined offset: 26 C:\www\heart2worldcrm\Application\Admin\Model\CustomerModel.class.php 第 408 行.
NOTIC: [8] Undefined offset: 25 C:\www\heart2worldcrm\Application\Admin\Model\CustomerModel.class.php 第 408 行.
NOTIC: [8] Undefined offset: 14 C:\www\heart2worldcrm\Application\Admin\Model\CustomerModel.class.php 第 408 行.
NOTIC: [8] Undefined offset: 13 C:\www\heart2worldcrm\Application\Admin\Model\CustomerModel.class.php 第 408 行.
SQL: SELECT `id`,`name` FROM `sys_users`  [ RunTime:0.0000s ]
SQL: SHOW COLUMNS FROM `sys_customer_file` [ RunTime:0.0010s ]
SQL: SELECT `sha1` FROM `sys_customer_file` WHERE `customer_id` = 134  [ RunTime:0.0010s ]
SQL: SHOW COLUMNS FROM `sys_customer_logs` [ RunTime:0.0010s ]
SQL: SELECT `id`,`type`,`content`,`create_time` FROM `sys_customer_logs` WHERE `customer_id` = 134 ORDER BY create_time desc,id desc  [ RunTime:0.0010s ]
INFO: [ view_parse ] --START--
INFO: [ template_filter ] --START--
INFO: Run Behavior\ContentReplaceBehavior [ RunTime:0.000977s ]
INFO: [ template_filter ] --END-- [ RunTime:0.000977s ]
NOTIC: [8] Undefined variable: vo C:\www\heart2worldcrm\Application\Runtime\Cache\Admin\b396789e55b9c1c0001fb86b29923477.php 第 79 行.
NOTIC: [8] Undefined index: is_show C:\www\heart2worldcrm\Application\Runtime\Cache\Admin\b396789e55b9c1c0001fb86b29923477.php 第 129 行.
NOTIC: [8] Undefined index: is_show C:\www\heart2worldcrm\Application\Runtime\Cache\Admin\b396789e55b9c1c0001fb86b29923477.php 第 129 行.
NOTIC: [8] Undefined index: is_show C:\www\heart2worldcrm\Application\Runtime\Cache\Admin\b396789e55b9c1c0001fb86b29923477.php 第 129 行.
NOTIC: [8] Undefined index: is_show C:\www\heart2worldcrm\Application\Runtime\Cache\Admin\b396789e55b9c1c0001fb86b29923477.php 第 129 行.
NOTIC: [8] Undefined index: is_show C:\www\heart2worldcrm\Application\Runtime\Cache\Admin\b396789e55b9c1c0001fb86b29923477.php 第 129 行.
NOTIC: [8] Undefined index: other_type C:\www\heart2worldcrm\Application\Runtime\Cache\Admin\b396789e55b9c1c0001fb86b29923477.php 第 172 行.
NOTIC: [8] Undefined index: other_type C:\www\heart2worldcrm\Application\Runtime\Cache\Admin\b396789e55b9c1c0001fb86b29923477.php 第 172 行.
NOTIC: [8] Undefined index: other_type C:\www\heart2worldcrm\Application\Runtime\Cache\Admin\b396789e55b9c1c0001fb86b29923477.php 第 172 行.
NOTIC: [8] Undefined index: other_type C:\www\heart2worldcrm\Application\Runtime\Cache\Admin\b396789e55b9c1c0001fb86b29923477.php 第 172 行.
NOTIC: [8] Undefined index: other_type C:\www\heart2worldcrm\Application\Runtime\Cache\Admin\b396789e55b9c1c0001fb86b29923477.php 第 172 行.
NOTIC: [8] Undefined index: other_type C:\www\heart2worldcrm\Application\Runtime\Cache\Admin\b396789e55b9c1c0001fb86b29923477.php 第 172 行.
NOTIC: [8] Undefined index: other_type C:\www\heart2worldcrm\Application\Runtime\Cache\Admin\b396789e55b9c1c0001fb86b29923477.php 第 172 行.
NOTIC: [8] Undefined index: other_type C:\www\heart2worldcrm\Application\Runtime\Cache\Admin\b396789e55b9c1c0001fb86b29923477.php 第 172 行.
NOTIC: [8] Undefined index: other_type C:\www\heart2worldcrm\Application\Runtime\Cache\Admin\b396789e55b9c1c0001fb86b29923477.php 第 172 行.
NOTIC: [8] Undefined index: other_type C:\www\heart2worldcrm\Application\Runtime\Cache\Admin\b396789e55b9c1c0001fb86b29923477.php 第 172 行.
NOTIC: [8] Undefined index: other_type C:\www\heart2worldcrm\Application\Runtime\Cache\Admin\b396789e55b9c1c0001fb86b29923477.php 第 172 行.
INFO: Run Behavior\ParseTemplateBehavior [ RunTime:0.055664s ]
INFO: [ view_parse ] --END-- [ RunTime:0.055664s ]
INFO: [ view_filter ] --START--
INFO: Run Behavior\WriteHtmlCacheBehavior [ RunTime:0.000977s ]
INFO: [ view_filter ] --END-- [ RunTime:0.000977s ]
INFO: [ app_end ] --START--
INFO: Run Behavior\ShowPageTraceBehavior [ RunTime:0.000000s ]
INFO: [ app_end ] --END-- [ RunTime:0.000000s ]

[ 2018-12-07T17:21:46+08:00 ] 222.182.196.8 /Admin/Index/ajaxMyLists.html
INFO: [ app_init ] --START--
INFO: Run Behavior\BuildLiteBehavior [ RunTime:0.000000s ]
INFO: [ app_init ] --END-- [ RunTime:0.000000s ]
INFO: [ app_begin ] --START--
INFO: Run Behavior\ReadHtmlCacheBehavior [ RunTime:0.000000s ]
INFO: [ app_begin ] --END-- [ RunTime:0.000000s ]
SQL: SHOW COLUMNS FROM `sys_users` [ RunTime:0.0010s ]
SQL: SELECT `id`,`status` FROM `sys_users` WHERE `id` = 3 LIMIT 1   [ RunTime:0.0000s ]
SQL: SHOW COLUMNS FROM `sys_role_rules` [ RunTime:0.0010s ]
SQL: SELECT `rules_id` FROM `sys_role_rules` WHERE `role_id` = 2  [ RunTime:0.0010s ]
SQL: SHOW COLUMNS FROM `sys_rules` [ RunTime:0.0010s ]
SQL: SELECT `mark` FROM `sys_rules` WHERE `id` IN ('3')  [ RunTime:0.0000s ]
SQL: SHOW COLUMNS FROM `sys_customer` [ RunTime:0.0020s ]
SQL: SHOW COLUMNS FROM `sys_customer` [ RunTime:0.0020s ]
SQL: SHOW COLUMNS FROM `sys_users_fields` [ RunTime:0.0010s ]
SQL: SELECT `fields_text`,`sort` FROM `sys_users_fields` WHERE `users_id` = 3 AND `status` = 1 ORDER BY sort asc  [ RunTime:0.0000s ]
SQL: SHOW COLUMNS FROM `sys_fields` [ RunTime:0.0020s ]
SQL: SELECT `id`,`type` FROM `sys_fields` WHERE `status` = 1 AND `is_open` = 1  [ RunTime:0.0000s ]
SQL: SELECT `id` FROM `sys_users` WHERE `name` LIKE '%宁江明%'  [ RunTime:0.0010s ]
SQL:  select count(*) as count  from ( SELECT c.id FROM sys_customer c left join sys_customer_fields as cf ON cf.customer_id = c.id left join sys_customer_fields as cfs ON cfs.customer_id = c.id left join sys_follow as f ON f.customer_id = c.id  WHERE c.person_id IN ('12') GROUP BY c.id  ) as temp [ RunTime:0.0166s ]
SQL: SELECT c.id,c.name,c.mobile,c.type,c.follow_status,c.next_follow_time,c.users_id,c.person_id,c.create_time,c.update_time,max(f.create_time) as follow_time FROM sys_customer c left join sys_customer_fields as cf ON cf.customer_id = c.id left join sys_customer_fields as cfs ON cfs.customer_id = c.id left join sys_follow as f ON f.customer_id = c.id  WHERE c.person_id IN ('12') GROUP BY c.id ORDER BY c.create_time desc LIMIT 0,30   [ RunTime:0.0400s ]
SQL: SHOW COLUMNS FROM `sys_customer_fields` [ RunTime:0.0010s ]
SQL: SELECT `customer_id`,`fields_id`,`content` FROM `sys_customer_fields` WHERE `customer_id` IN ('237','232','227','220','217','213','27','56','66','64','53','54','31','71','50','83','87','82','88','93','84','85','72','92','29','98','73','81','80','95')  [ RunTime:0.0010s ]
SQL: SELECT `id`,`name` FROM `sys_users`  [ RunTime:0.0000s ]
SQL: SELECT `id`,`type` FROM `sys_fields` WHERE `status` = 1 AND `is_open` = 1  [ RunTime:0.0000s ]
INFO: [ view_parse ] --START--
INFO: [ template_filter ] --START--
INFO: Run Behavior\ContentReplaceBehavior [ RunTime:0.000000s ]
INFO: [ template_filter ] --END-- [ RunTime:0.000000s ]
INFO: Run Behavior\ParseTemplateBehavior [ RunTime:0.011719s ]
INFO: [ view_parse ] --END-- [ RunTime:0.011719s ]
INFO: [ view_filter ] --START--
INFO: Run Behavior\WriteHtmlCacheBehavior [ RunTime:0.000000s ]
INFO: [ view_filter ] --END-- [ RunTime:0.000000s ]

[ 2018-12-07T17:21:49+08:00 ] 222.182.196.8 /
INFO: [ app_init ] --START--
INFO: Run Behavior\BuildLiteBehavior [ RunTime:0.000000s ]
INFO: [ app_init ] --END-- [ RunTime:0.000000s ]
INFO: [ app_begin ] --START--
INFO: Run Behavior\ReadHtmlCacheBehavior [ RunTime:0.000977s ]
INFO: [ app_begin ] --END-- [ RunTime:0.000977s ]
SQL: SHOW COLUMNS FROM `sys_users` [ RunTime:0.0020s ]
SQL: SELECT `id`,`status` FROM `sys_users` WHERE `id` = 1 LIMIT 1   [ RunTime:0.0010s ]
SQL: SHOW COLUMNS FROM `sys_rules` [ RunTime:0.0010s ]
SQL: SELECT `mark` FROM `sys_rules`  [ RunTime:0.0010s ]
INFO: [ view_parse ] --START--
INFO: [ template_filter ] --START--
INFO: Run Behavior\ContentReplaceBehavior [ RunTime:0.000000s ]
INFO: [ template_filter ] --END-- [ RunTime:0.000000s ]
NOTIC: [8] Undefined variable: vo C:\www\heart2worldcrm\Application\Runtime\Cache\Admin\da4cd6c0f72b4897fc3959e8a3e7598e.php 第 72 行.
NOTIC: [8] Undefined index: is_show C:\www\heart2worldcrm\Application\Runtime\Cache\Admin\da4cd6c0f72b4897fc3959e8a3e7598e.php 第 122 行.
NOTIC: [8] Undefined index: is_show C:\www\heart2worldcrm\Application\Runtime\Cache\Admin\da4cd6c0f72b4897fc3959e8a3e7598e.php 第 122 行.
NOTIC: [8] Undefined index: is_show C:\www\heart2worldcrm\Application\Runtime\Cache\Admin\da4cd6c0f72b4897fc3959e8a3e7598e.php 第 122 行.
NOTIC: [8] Undefined index: is_show C:\www\heart2worldcrm\Application\Runtime\Cache\Admin\da4cd6c0f72b4897fc3959e8a3e7598e.php 第 122 行.
NOTIC: [8] Undefined index: is_show C:\www\heart2worldcrm\Application\Runtime\Cache\Admin\da4cd6c0f72b4897fc3959e8a3e7598e.php 第 122 行.
INFO: Run Behavior\ParseTemplateBehavior [ RunTime:0.010742s ]
INFO: [ view_parse ] --END-- [ RunTime:0.010742s ]
INFO: [ view_filter ] --START--
INFO: Run Behavior\WriteHtmlCacheBehavior [ RunTime:0.000000s ]
INFO: [ view_filter ] --END-- [ RunTime:0.000000s ]
INFO: [ app_end ] --START--
INFO: Run Behavior\ShowPageTraceBehavior [ RunTime:0.000000s ]
INFO: [ app_end ] --END-- [ RunTime:0.000000s ]

[ 2018-12-07T17:21:50+08:00 ] 222.182.196.8 /
INFO: [ app_init ] --START--
INFO: Run Behavior\BuildLiteBehavior [ RunTime:0.000000s ]
INFO: [ app_init ] --END-- [ RunTime:0.000000s ]
INFO: [ app_begin ] --START--
INFO: Run Behavior\ReadHtmlCacheBehavior [ RunTime:0.000976s ]
INFO: [ app_begin ] --END-- [ RunTime:0.000976s ]
SQL: SHOW COLUMNS FROM `sys_users` [ RunTime:0.0020s ]
SQL: SELECT `id`,`status` FROM `sys_users` WHERE `id` = 1 LIMIT 1   [ RunTime:0.0010s ]
SQL: SHOW COLUMNS FROM `sys_rules` [ RunTime:0.0010s ]
SQL: SELECT `mark` FROM `sys_rules`  [ RunTime:0.0000s ]
INFO: [ view_parse ] --START--
INFO: [ template_filter ] --START--
INFO: Run Behavior\ContentReplaceBehavior [ RunTime:0.000977s ]
INFO: [ template_filter ] --END-- [ RunTime:0.000977s ]
NOTIC: [8] Undefined variable: vo C:\www\heart2worldcrm\Application\Runtime\Cache\Admin\da4cd6c0f72b4897fc3959e8a3e7598e.php 第 72 行.
NOTIC: [8] Undefined index: is_show C:\www\heart2worldcrm\Application\Runtime\Cache\Admin\da4cd6c0f72b4897fc3959e8a3e7598e.php 第 122 行.
NOTIC: [8] Undefined index: is_show C:\www\heart2worldcrm\Application\Runtime\Cache\Admin\da4cd6c0f72b4897fc3959e8a3e7598e.php 第 122 行.
NOTIC: [8] Undefined index: is_show C:\www\heart2worldcrm\Application\Runtime\Cache\Admin\da4cd6c0f72b4897fc3959e8a3e7598e.php 第 122 行.
NOTIC: [8] Undefined index: is_show C:\www\heart2worldcrm\Application\Runtime\Cache\Admin\da4cd6c0f72b4897fc3959e8a3e7598e.php 第 122 行.
NOTIC: [8] Undefined index: is_show C:\www\heart2worldcrm\Application\Runtime\Cache\Admin\da4cd6c0f72b4897fc3959e8a3e7598e.php 第 122 行.
INFO: Run Behavior\ParseTemplateBehavior [ RunTime:0.009766s ]
INFO: [ view_parse ] --END-- [ RunTime:0.009766s ]
INFO: [ view_filter ] --START--
INFO: Run Behavior\WriteHtmlCacheBehavior [ RunTime:0.000977s ]
INFO: [ view_filter ] --END-- [ RunTime:0.000977s ]
INFO: [ app_end ] --START--
INFO: Run Behavior\ShowPageTraceBehavior [ RunTime:0.000000s ]
INFO: [ app_end ] --END-- [ RunTime:0.000000s ]

